2025.03.27 14:42:18 INFO  Started: Metals version 1.5.2 in folders 'C:\Users\nuhin\git\project_2' for client Visual Studio Code 1.98.2.
2025.03.27 14:42:18 INFO  no build target found for C:\Users\nuhin\git\project_2\src\main\scala\project_2\main.scala. Using presentation compiler with project's scala-library version: 3.3.5
2025.03.27 14:42:20 INFO  no build target found for C:\Users\nuhin\git\project_2\src\main\scala\project_2\main.scala. Using presentation compiler with project's scala-library version: 3.3.5
2025.03.27 14:42:20 INFO  no build target found for C:\Users\nuhin\git\project_2\src\main\scala\project_2\main.scala. Using presentation compiler with project's scala-library version: 3.3.5
2025.03.27 14:42:20 INFO  no build target found for C:\Users\nuhin\git\project_2\src\main\scala\project_2\main.scala. Using presentation compiler with project's scala-library version: 3.3.5
2025.03.27 14:42:20 INFO  no build target found for C:\Users\nuhin\git\project_2\src\main\scala\project_2\main.scala. Using presentation compiler with project's scala-library version: 3.3.5
2025.03.27 14:42:20 INFO  no build target found for C:\Users\nuhin\git\project_2\src\main\scala\project_2\main.scala. Using presentation compiler with project's scala-library version: 3.3.5
Mar 27, 2025 2:42:21 PM org.eclipse.lsp4j.jsonrpc.RemoteEndpoint handleCancellation
WARNING: Unmatched cancel notification for request id 11
Mar 27, 2025 2:42:21 PM org.eclipse.lsp4j.jsonrpc.RemoteEndpoint handleCancellation
WARNING: Unmatched cancel notification for request id 12
2025.03.27 14:42:32 INFO  no build target found for C:\Users\nuhin\git\project_2\src\main\scala\project_2\main.scala. Using presentation compiler with project's scala-library version: 3.3.5
2025.03.27 14:42:34 INFO  no build target found for C:\Users\nuhin\git\project_2\src\main\scala\project_2\main.scala. Using presentation compiler with project's scala-library version: 3.3.5
2025.03.27 14:42:34 WARN  no build target for: C:\Users\nuhin\git\project_2\src\main\scala\project_2\main.scala
2025.03.27 14:42:34 INFO  no build target found for C:\Users\nuhin\git\project_2\src\main\scala\project_2\main.scala. Using presentation compiler with project's scala-library version: 3.3.5
2025.03.27 14:42:34 INFO  no build target found for C:\Users\nuhin\git\project_2\src\main\scala\project_2\main.scala. Using presentation compiler with project's scala-library version: 3.3.5
2025.03.27 14:42:34 INFO  no build target found for C:\Users\nuhin\git\project_2\src\main\scala\project_2\main.scala. Using presentation compiler with project's scala-library version: 3.3.5
2025.03.27 14:42:34 INFO  no build target found for C:\Users\nuhin\git\project_2\src\main\scala\project_2\main.scala. Using presentation compiler with project's scala-library version: 3.3.5
2025.03.27 14:42:38 INFO  no build target found for C:\Users\nuhin\git\project_2\src\main\scala\project_2\main.scala. Using presentation compiler with project's scala-library version: 3.3.5
2025.03.27 14:42:38 INFO  no build target found for C:\Users\nuhin\git\project_2\src\main\scala\project_2\main.scala. Using presentation compiler with project's scala-library version: 3.3.5
2025.03.27 14:42:39 INFO  no build target found for C:\Users\nuhin\git\project_2\src\main\scala\project_2\main.scala. Using presentation compiler with project's scala-library version: 3.3.5
2025.03.27 14:42:39 INFO  no build target found for C:\Users\nuhin\git\project_2\src\main\scala\project_2\main.scala. Using presentation compiler with project's scala-library version: 3.3.5
2025.03.27 14:42:40 INFO  no build target found for C:\Users\nuhin\git\project_2\src\main\scala\project_2\main.scala. Using presentation compiler with project's scala-library version: 3.3.5
2025.03.27 14:42:40 INFO  no build target found for C:\Users\nuhin\git\project_2\src\main\scala\project_2\main.scala. Using presentation compiler with project's scala-library version: 3.3.5
2025.03.27 14:42:40 INFO  no build target found for C:\Users\nuhin\git\project_2\src\main\scala\project_2\main.scala. Using presentation compiler with project's scala-library version: 3.3.5
2025.03.27 14:42:42 INFO  no build target found for C:\Users\nuhin\git\project_2\src\main\scala\project_2\main.scala. Using presentation compiler with project's scala-library version: 3.3.5
2025.03.27 14:42:42 INFO  no build target found for C:\Users\nuhin\git\project_2\src\main\scala\project_2\main.scala. Using presentation compiler with project's scala-library version: 3.3.5
2025.03.27 14:42:45 INFO  no build target found for C:\Users\nuhin\git\project_2\src\main\scala\project_2\main.scala. Using presentation compiler with project's scala-library version: 3.3.5
2025.03.27 14:42:46 WARN  no build target for: C:\Users\nuhin\git\project_2\src\main\scala\project_2\main.scala
2025.03.27 14:42:46 INFO  no build target found for C:\Users\nuhin\git\project_2\src\main\scala\project_2\main.scala. Using presentation compiler with project's scala-library version: 3.3.5
2025.03.27 14:42:46 INFO  no build target found for C:\Users\nuhin\git\project_2\src\main\scala\project_2\main.scala. Using presentation compiler with project's scala-library version: 3.3.5
2025.03.27 14:42:57 INFO  no build target found for C:\Users\nuhin\git\project_2\src\main\scala\project_2\main.scala. Using presentation compiler with project's scala-library version: 3.3.5
2025.03.27 14:42:58 INFO  no build target found for C:\Users\nuhin\git\project_2\src\main\scala\project_2\main.scala. Using presentation compiler with project's scala-library version: 3.3.5
2025.03.27 14:43:10 INFO  no build target found for C:\Users\nuhin\git\project_2\src\main\scala\project_2\main.scala. Using presentation compiler with project's scala-library version: 3.3.5
2025.03.27 14:47:21 INFO  no build target found for C:\Users\nuhin\git\project_2\src\main\scala\project_2\main.scala. Using presentation compiler with project's scala-library version: 3.3.5
2025.03.27 14:48:39 INFO  no build target found for C:\Users\nuhin\git\project_2\src\main\scala\project_2\main.scala. Using presentation compiler with project's scala-library version: 3.3.5
2025.03.27 14:48:54 INFO  no build target found for C:\Users\nuhin\git\project_2\src\main\scala\project_2\main.scala. Using presentation compiler with project's scala-library version: 3.3.5
2025.03.27 14:48:54 INFO  no build target found for C:\Users\nuhin\git\project_2\src\main\scala\project_2\main.scala. Using presentation compiler with project's scala-library version: 3.3.5
2025.03.27 14:49:10 INFO  no build target found for C:\Users\nuhin\git\project_2\src\main\scala\project_2\main.scala. Using presentation compiler with project's scala-library version: 3.3.5
2025.03.27 14:50:58 INFO  Shutting down server
2025.03.27 14:50:58 INFO  shutting down Metals
2025.03.27 14:50:58 INFO  Exiting server
